g:\gd100项目\gd100_git_lib\gd100_lib_1121\debug\libgilcvehicle.lib
g:\gd100项目\gd100_git_lib\gd100_lib_1121\gilc_vehicle_lib\debug\gilc_vehicle_lib.pdb
g:\gd100项目\gd100_git_lib\gd100_lib_1121\gilc_vehicle_lib\debug\gilc_vehicle_lib.idb
g:\gd100项目\gd100_git_lib\gd100_lib_1121\gilc_vehicle_lib\debug\buffer.obj
g:\gd100项目\gd100_git_lib\gd100_lib_1121\gilc_vehicle_lib\debug\mem.obj
g:\gd100项目\gd100_git_lib\gd100_lib_1121\gilc_vehicle_lib\debug\gnss_nmea.obj
g:\gd100项目\gd100_git_lib\gd100_lib_1121\gilc_vehicle_lib\debug\gnss_nmea_creat.obj
g:\gd100项目\gd100_git_lib\gd100_lib_1121\gilc_vehicle_lib\debug\log.obj
g:\gd100项目\gd100_git_lib\gd100_lib_1121\gilc_vehicle_lib\debug\comfunc.obj
g:\gd100项目\gd100_git_lib\gd100_lib_1121\gilc_vehicle_lib\debug\csins.obj
g:\gd100项目\gd100_git_lib\gd100_lib_1121\gilc_vehicle_lib\debug\gilc_iofile.obj
g:\gd100项目\gd100_git_lib\gd100_lib_1121\gilc_vehicle_lib\debug\gilc_kf.obj
g:\gd100项目\gd100_git_lib\gd100_lib_1121\gilc_vehicle_lib\debug\filter.obj
g:\gd100项目\gd100_git_lib\gd100_lib_1121\gilc_vehicle_lib\debug\gilc_vehicle_lib.obj
g:\gd100项目\gd100_git_lib\gd100_lib_1121\gilc_vehicle_lib\debug\csins.obj.enc
g:\gd100项目\gd100_git_lib\gd100_lib_1121\gilc_vehicle_lib\debug\gilc_vehicle_lib.obj.enc
g:\gd100项目\gd100_git_lib\gd100_lib_1121\debug\gilc_vehicle_lib.pdb
g:\gd100项目\gd100_git_lib\gd100_lib_1121\gilc_vehicle_lib\debug\gilc_vehicle_lib.tlog\cl.command.1.tlog
g:\gd100项目\gd100_git_lib\gd100_lib_1121\gilc_vehicle_lib\debug\gilc_vehicle_lib.tlog\lib.command.1.tlog
g:\gd100项目\gd100_git_lib\gd100_lib_1121\gilc_vehicle_lib\debug\gilc_vehicle_lib.tlog\lib-link.read.1.tlog
g:\gd100项目\gd100_git_lib\gd100_lib_1121\gilc_vehicle_lib\debug\gilc_vehicle_lib.tlog\lib-link.write.1.tlog
g:\gd100项目\gd100_git_lib\gd100_lib_1121\gilc_vehicle_lib\debug\gilc_vehicle_lib.tlog\cl.write.1.tlog
g:\gd100项目\gd100_git_lib\gd100_lib_1121\gilc_vehicle_lib\debug\gilc_vehicle_lib.tlog\cl.read.1.tlog
